


ARM Macro Assembler    Page 1 


    1 00000000                 AREA             SMALLEST_IN_ARRAY, CODE, READON
LY
    2 00000000         ENTRY
    3 00000000 E3A00005        MOV              R0, #5      ; STORES THE LENGTH
                                                             OF THE ARRAY
    4 00000004 E59F1030        LDR              R1, =TABLE
    5 00000008 E4912004        LDR              R2, [R1], #4
    6 0000000C         LOOP
    7 0000000C E4913004        LDR              R3, [R1], #4
    8 00000010 E1520003        CMP              R2, R3
    9 00000014 21A02003        MOVHS            R2, R3      ; MOVE IF HIGH FLAG
                                                             IS SET
   10 00000018 E2500001        SUBS             R0, R0, #1
   11 0000001C 1AFFFFFA        BNE              LOOP
   12 00000020 EAFFFFFE 
                       STOP    B                STOP
   13 00000024         TABLE
   14 00000024 00006666 
              00005555 
              00004444 
              00003333 
              00002222 
              00001111         DCD              0X6666, 0X5555, 0X4444, 0X3333,
 0X2222, 0X1111
   15 0000003C                 END
              00000000 
Command Line: --debug --xref --apcs=interwork --depend=code9.d -ocode9.o -IC:\K
eil\ARM\RV31\Inc -IC:\Keil\ARM\CMSIS\Include -IC:\Keil\ARM\Inc\Philips --predef
ine="__EVAL SETA 1" --list=code9.lst code9.asm



ARM Macro Assembler    Page 1 Alphabetic symbol ordering
Relocatable symbols

ENTRY 00000000

Symbol: ENTRY
   Definitions
      At line 2 in file code9.asm
   Uses
      None
Comment: ENTRY unused
LOOP 0000000C

Symbol: LOOP
   Definitions
      At line 6 in file code9.asm
   Uses
      At line 11 in file code9.asm
Comment: LOOP used once
SMALLEST_IN_ARRAY 00000000

Symbol: SMALLEST_IN_ARRAY
   Definitions
      At line 1 in file code9.asm
   Uses
      None
Comment: SMALLEST_IN_ARRAY unused
STOP 00000020

Symbol: STOP
   Definitions
      At line 12 in file code9.asm
   Uses
      At line 12 in file code9.asm
Comment: STOP used once
TABLE 00000024

Symbol: TABLE
   Definitions
      At line 13 in file code9.asm
   Uses
      At line 4 in file code9.asm
Comment: TABLE used once
5 symbols
338 symbols in table
