


ARM Macro Assembler    Page 1 


    1 00000000                 AREA             COUNT_NO_OF_1s_AND_Os, CODE, RE
ADONLY
    2 00000000         ENTRY
    3 00000000 E3A00101        LDR              R0, = 0X40000000
    4 00000004 E5901000        LDR              R1, [R0]
    5 00000008 E3A02020        MOV              R2, #32
    6 0000000C         LOOP
    7 0000000C E1B010A1        MOVS             R1, R1, LSR #1
    8 00000010 22833001        ADDCS            R3, #1
    9 00000014 32844001        ADDCC            R4, #1
   10 00000018 E2522001        SUBS             R2, #1
   11 0000001C 1AFFFFFA        BNE              LOOP
   12 00000020 EAFFFFFE 
                       STOP    B                STOP
   13 00000024                 END
Command Line: --debug --xref --apcs=interwork --depend=code7.d -ocode7.o -IC:\K
eil\ARM\RV31\Inc -IC:\Keil\ARM\CMSIS\Include -IC:\Keil\ARM\Inc\Philips --predef
ine="__EVAL SETA 1" --list=code7.lst code7.asm



ARM Macro Assembler    Page 1 Alphabetic symbol ordering
Relocatable symbols

COUNT_NO_OF_1s_AND_Os 00000000

Symbol: COUNT_NO_OF_1s_AND_Os
   Definitions
      At line 1 in file code7.asm
   Uses
      None
Comment: COUNT_NO_OF_1s_AND_Os unused
ENTRY 00000000

Symbol: ENTRY
   Definitions
      At line 2 in file code7.asm
   Uses
      None
Comment: ENTRY unused
LOOP 0000000C

Symbol: LOOP
   Definitions
      At line 6 in file code7.asm
   Uses
      At line 11 in file code7.asm
Comment: LOOP used once
STOP 00000020

Symbol: STOP
   Definitions
      At line 12 in file code7.asm
   Uses
      At line 12 in file code7.asm
Comment: STOP used once
4 symbols
335 symbols in table
